<?xml version="1.0" encoding="UTF-8"?>
<!-- Generated by org.testng.reporters.JUnitReportReporter -->
<testsuite hostname="SJ-RDP-214" name="TestNG_Package.All_Tabs_ALM_Integration" tests="1" failures="0" timestamp="22 Jan 2019 18:57:03 GMT" time="59.932" errors="0">
  <testcase name="All_Tabs" time="59.932" classname="TestNG_Package.All_Tabs_ALM_Integration"/>
</testsuite> <!-- TestNG_Package.All_Tabs_ALM_Integration -->
