<?xml version="1.0" encoding="UTF-8"?>
<!-- Generated by org.testng.reporters.JUnitReportReporter -->
<testsuite hostname="VMW7NBn-P-Q002" name="TestNG_Package.Distributions_Tabs_TestNG" tests="1" failures="0" timestamp="21 Feb 2019 10:16:50 GMT" time="54.199" errors="0">
  <testcase name="Distributions_Tabs" time="54.199" classname="TestNG_Package.Distributions_Tabs_TestNG"/>
</testsuite> <!-- TestNG_Package.Distributions_Tabs_TestNG -->
